<?xml version="1.0" encoding="UTF-8"?>
<!-- Generated by org.testng.reporters.JUnitReportReporter -->
<testsuite name="org.demo.DemoClass" tests="4" time="89.297" ignored="0" failures="0" timestamp="22 Oct 2021 14:35:09 GMT" skipped="0" hostname="hp" errors="0">
  <testcase name="data" time="18.165" classname="org.demo.DemoClass"/>
  <testcase name="data" time="25.223" classname="org.demo.DemoClass"/>
  <testcase name="data" time="18.912" classname="org.demo.DemoClass"/>
  <testcase name="data" time="26.997" classname="org.demo.DemoClass"/>
</testsuite> <!-- org.demo.DemoClass -->
